[2020-06-19 16:15:40] [31merror[39m: 测试
[2020-06-19 16:18:48] [31merror[39m: db errorError: Connection lost: The server closed the connection.
[2020-06-19 16:18:48] [31merror[39m: db error 执行重连Connection lost: The server closed the connection.
[2020-06-19 16:20:49] [31merror[39m: db errorError: Connection lost: The server closed the connection.
[2020-06-19 16:20:49] [31merror[39m: db error 执行重连Connection lost: The server closed the connection.
[2020-06-19 16:22:49] [31merror[39m: db errorError: Connection lost: The server closed the connection.
[2020-06-19 16:22:49] [31merror[39m: db error 执行重连Connection lost: The server closed the connection.
[2020-06-19 16:24:50] [31merror[39m: db errorError: Connection lost: The server closed the connection.
[2020-06-19 16:24:50] [31merror[39m: db error 执行重连Connection lost: The server closed the connection.
[2020-06-19 16:26:40] [31merror[39m: db errorError: read ECONNRESET
[2020-06-19 17:37:30] [31merror[39m: db errorER_HOST_NOT_PRIVILEGED: Host '192.168.5.15' is not allowed to connect to this MySQL server
[2020-06-19 17:38:07] [31merror[39m: db errorER_HOST_NOT_PRIVILEGED: Host '192.168.5.15' is not allowed to connect to this MySQL server
[2020-06-19 17:39:10] [31merror[39m: db errorER_HOST_NOT_PRIVILEGED: Host '192.168.5.15' is not allowed to connect to this MySQL server
[2020-06-19 17:39:40] [31merror[39m: db errorER_HOST_NOT_PRIVILEGED: Host '192.168.5.15' is not allowed to connect to this MySQL server
[2020-06-19 17:40:22] [31merror[39m: db error ER_HOST_NOT_PRIVILEGED: Host '192.168.5.15' is not allowed to connect to this MySQL server
[2020-06-19 17:41:45] [31merror[39m: db error ER_HOST_NOT_PRIVILEGED: Host '192.168.5.15' is not allowed to connect to this MySQL server
[2020-06-19 17:49:45] [31merror[39m: db error ER_HOST_NOT_PRIVILEGED: Host '192.168.5.15' is not allowed to connect to this MySQL server
[2020-06-22 16:20:58] [31merror[39m: ER_BAD_FIELD_ERROR: Unknown column 'link' in 'field list'
[2020-06-22 16:21:48] [31merror[39m: ER_BAD_FIELD_ERROR: Unknown column 'author_id' in 'field list'
[2020-06-22 16:22:35] [31merror[39m: ER_NO_DEFAULT_FOR_FIELD: Field 'isShow' doesn't have a default value
[2020-06-23 09:31:22] [31merror[39m: ER_NO_DEFAULT_FOR_FIELD: Field 'tags' doesn't have a default value
[2020-06-23 09:33:22] [31merror[39m: ER_NO_DEFAULT_FOR_FIELD: Field 'tags' doesn't have a default value
[2020-06-23 09:44:41] [31merror[39m: ER_PARSE_ERROR: You have an error in your SQL syntax; check the manual that corresponds to your MySQL server version for the right syntax to use near '测试'')' at line 3
[2020-06-23 09:45:52] [31merror[39m: ER_PARSE_ERROR: You have an error in your SQL syntax; check the manual that corresponds to your MySQL server version for the right syntax to use near '测试'')' at line 2
[2020-06-23 09:47:47] [31merror[39m: ER_PARSE_ERROR: You have an error in your SQL syntax; check the manual that corresponds to your MySQL server version for the right syntax to use near '09:47:47, 4, '1',1)' at line 2
[2020-06-23 15:42:46] [31merror[39m: ER_PARSE_ERROR: You have an error in your SQL syntax; check the manual that corresponds to your MySQL server version for the right syntax to use near 'limt 0,10' at line 1
[2020-06-23 15:43:36] [31merror[39m: ER_PARSE_ERROR: You have an error in your SQL syntax; check the manual that corresponds to your MySQL server version for the right syntax to use near 'limt 1,10' at line 1
[2020-06-23 15:43:43] [31merror[39m: ER_PARSE_ERROR: You have an error in your SQL syntax; check the manual that corresponds to your MySQL server version for the right syntax to use near 'limt 1,10' at line 1
[2020-06-23 15:50:15] [31merror[39m: ER_PARSE_ERROR: You have an error in your SQL syntax; check the manual that corresponds to your MySQL server version for the right syntax to use near 'by tb_blogs.createTime desc  limit 1,1' at line 1
[2020-06-23 15:50:24] [31merror[39m: ER_PARSE_ERROR: You have an error in your SQL syntax; check the manual that corresponds to your MySQL server version for the right syntax to use near 'by tb_blogs.createTime desc limit 1,1' at line 1
[2020-06-23 15:53:56] [31merror[39m: ER_PARSE_ERROR: You have an error in your SQL syntax; check the manual that corresponds to your MySQL server version for the right syntax to use near 'SELECT FOUND_ROWS()' at line 1
[2020-06-23 15:57:50] [31merror[39m: ER_BAD_FIELD_ERROR: Unknown column 'FOUND_ROWS' in 'field list'
[2020-06-23 16:36:04] [31merror[39m: ER_PARSE_ERROR: You have an error in your SQL syntax; check the manual that corresponds to your MySQL server version for the right syntax to use near 'tb_users.id as userId  from tb_blogs,tb_users  where tb_users.id=tb_blogs.author' at line 1
[2020-06-23 16:37:51] [31merror[39m: ER_PARSE_ERROR: You have an error in your SQL syntax; check the manual that corresponds to your MySQL server version for the right syntax to use near 'tb_users.id as userId  from tb_blogs,tb_users  where tb_blogs.authorId=tb_users.' at line 1
[2020-06-23 17:13:55] [31merror[39m: ER_BAD_FIELD_ERROR: Unknown column 'undefined' in 'where clause'
[2020-06-24 09:33:51] [31merror[39m: db errorread ECONNRESET
[2020-06-24 09:44:50] [31merror[39m: ER_PARSE_ERROR: You have an error in your SQL syntax; check the manual that corresponds to your MySQL server version for the right syntax to use near '    markdown = NULL where id=undefined' at line 4
[2020-06-24 09:45:54] [31merror[39m: ER_PARSE_ERROR: You have an error in your SQL syntax; check the manual that corresponds to your MySQL server version for the right syntax to use near '    markdown = NULL where id=undefined' at line 4
[2020-06-24 09:46:56] [31merror[39m: ER_PARSE_ERROR: You have an error in your SQL syntax; check the manual that corresponds to your MySQL server version for the right syntax to use near '    markdown = NULL where id=undefined' at line 4
[2020-06-24 09:47:21] [31merror[39m: ER_PARSE_ERROR: You have an error in your SQL syntax; check the manual that corresponds to your MySQL server version for the right syntax to use near '    markdown = NULL where id=undefined' at line 4
[2020-06-24 09:48:00] [31merror[39m: ER_PARSE_ERROR: You have an error in your SQL syntax; check the manual that corresponds to your MySQL server version for the right syntax to use near '    markdown = NULL where id=undefined' at line 4
[2020-06-24 09:50:13] [31merror[39m: ER_PARSE_ERROR: You have an error in your SQL syntax; check the manual that corresponds to your MySQL server version for the right syntax to use near '    markdown = '1' where id=9' at line 4
[2020-06-24 09:51:03] [31merror[39m: ER_PARSE_ERROR: You have an error in your SQL syntax; check the manual that corresponds to your MySQL server version for the right syntax to use near '    markdown = '1' where id=9' at line 4
[2020-06-24 09:51:23] [31merror[39m: ER_PARSE_ERROR: You have an error in your SQL syntax; check the manual that corresponds to your MySQL server version for the right syntax to use near '    markdown = '1' where id=9' at line 4
[2020-06-24 09:53:01] [31merror[39m: ER_PARSE_ERROR: You have an error in your SQL syntax; check the manual that corresponds to your MySQL server version for the right syntax to use near '    markdown = '1' where id='9'' at line 4
[2020-06-24 11:42:32] [31merror[39m: ER_BAD_FIELD_ERROR: Unknown column 'undefined' in 'where clause'
[2020-06-24 11:43:04] [31merror[39m: ER_BAD_FIELD_ERROR: Unknown column 'undefined' in 'where clause'
[2020-06-24 11:43:45] [31merror[39m: ER_BAD_FIELD_ERROR: Unknown column 'undefined' in 'where clause'
[2020-06-24 12:14:43] [31merror[39m: ER_PARSE_ERROR: You have an error in your SQL syntax; check the manual that corresponds to your MySQL server version for the right syntax to use near 'authorId = 1 order by tb_blogs.createTime desc limit 0,10' at line 1
[2020-06-24 12:15:12] [31merror[39m: ER_PARSE_ERROR: You have an error in your SQL syntax; check the manual that corresponds to your MySQL server version for the right syntax to use near 'authorId = 1 order by tb_blogs.createTime desc limit 0,10' at line 1
[2020-06-24 12:15:31] [31merror[39m: ER_PARSE_ERROR: You have an error in your SQL syntax; check the manual that corresponds to your MySQL server version for the right syntax to use near 'authorId = 1 order by tb_blogs.createTime desc limit 0,10' at line 1
[2020-06-24 16:52:46] [31merror[39m: ER_BAD_FIELD_ERROR: Unknown column 'undefined' in 'where clause'
[2020-06-24 16:53:13] [31merror[39m: ER_BAD_FIELD_ERROR: Unknown column 'undefined' in 'where clause'
[2020-06-29 15:34:17] [31merror[39m: db errorread ECONNRESET
[2020-06-30 09:21:31] [31merror[39m: Cannot enqueue Query after fatal error.
